0 info it worked if it ends with ok
1 verbose cli [ 'C:\\nodedev\\nodejs\\node.exe',
1 verbose cli   'C:\\nodedev\\nodejs\\node_modules\\npm\\bin\\npm-cli.js',
1 verbose cli   'start' ]
2 info using npm@3.10.10
3 info using node@v6.10.0
4 verbose run-script [ 'prestart', 'start', 'poststart' ]
5 info lifecycle 163music@1.0.0~prestart: 163music@1.0.0
6 silly lifecycle 163music@1.0.0~prestart: no script for prestart, continuing
7 info lifecycle 163music@1.0.0~start: 163music@1.0.0
8 verbose lifecycle 163music@1.0.0~start: unsafe-perm in lifecycle true
9 verbose lifecycle 163music@1.0.0~start: PATH: C:\nodedev\nvm\v6.10.0\node_modules\npm\bin\node-gyp-bin;C:\Users\Eternity\Desktop\simply-web-music-player-master\node_modules\.bin;C:\ProgramData\Oracle\Java\javapath;C:\WINDOWS\system32;C:\WINDOWS;C:\WINDOWS\System32\Wbem;C:\WINDOWS\System32\WindowsPowerShell\v1.0\;C:\Program Files\Java\jdk1.8.0_121\bin;C:\Program Files\Git\cmd;C:\nodedev\nvm;C:\nodedev\nodejs;C:\nodedev\nvm\npm;C:\Users\Eternity\AppData\Local\Microsoft\WindowsApps;;C:\Program Files (x86)\Microsoft VS Code\bin
10 verbose lifecycle 163music@1.0.0~start: CWD: C:\Users\Eternity\Desktop\simply-web-music-player-master
11 silly lifecycle 163music@1.0.0~start: Args: [ '/d /s /c', 'node app.js' ]
12 silly lifecycle 163music@1.0.0~start: Returned: code: 3221225786  signal: null
13 info lifecycle 163music@1.0.0~start: Failed to exec start script
14 verbose stack Error: 163music@1.0.0 start: `node app.js`
14 verbose stack Exit status 3221225786
14 verbose stack     at EventEmitter.<anonymous> (C:\nodedev\nvm\v6.10.0\node_modules\npm\lib\utils\lifecycle.js:255:16)
14 verbose stack     at emitTwo (events.js:106:13)
14 verbose stack     at EventEmitter.emit (events.js:191:7)
14 verbose stack     at ChildProcess.<anonymous> (C:\nodedev\nvm\v6.10.0\node_modules\npm\lib\utils\spawn.js:40:14)
14 verbose stack     at emitTwo (events.js:106:13)
14 verbose stack     at ChildProcess.emit (events.js:191:7)
14 verbose stack     at maybeClose (internal/child_process.js:877:16)
14 verbose stack     at Process.ChildProcess._handle.onexit (internal/child_process.js:226:5)
15 verbose pkgid 163music@1.0.0
16 verbose cwd C:\Users\Eternity\Desktop\simply-web-music-player-master
17 error Windows_NT 10.0.14393
18 error argv "C:\\nodedev\\nodejs\\node.exe" "C:\\nodedev\\nodejs\\node_modules\\npm\\bin\\npm-cli.js" "start"
19 error node v6.10.0
20 error npm  v3.10.10
21 error code ELIFECYCLE
22 error 163music@1.0.0 start: `node app.js`
22 error Exit status 3221225786
23 error Failed at the 163music@1.0.0 start script 'node app.js'.
23 error Make sure you have the latest version of node.js and npm installed.
23 error If you do, this is most likely a problem with the 163music package,
23 error not with npm itself.
23 error Tell the author that this fails on your system:
23 error     node app.js
23 error You can get information on how to open an issue for this project with:
23 error     npm bugs 163music
23 error Or if that isn't available, you can get their info via:
23 error     npm owner ls 163music
23 error There is likely additional logging output above.
24 verbose exit [ 1, true ]
